android/app/build/intermediates/manifest_merge_blame_file/debug/processDebugMainManifest/manifest-merger-blame-debug-report.txt
1<?xml version="1.0" encoding="utf-8"?>
2<manifest xmlns:android="http://schemas.android.com/apk/res/android"
3    package="io.dabada.app"
4    android:versionCode="1"
5    android:versionName="1.0" >
6
7    <uses-sdk
8        android:minSdkVersion="24"
9        android:targetSdkVersion="36" />
10
11    <!-- Permissions -->
12
13    <uses-permission android:name="android.permission.INTERNET" />
13-->src/main/AndroidManifest.xml:47:5-67
13-->src/main/AndroidManifest.xml:47:22-64
14    <uses-permission android:name="android.permission.READ_EXTERNAL_STORAGE" />
14-->src/main/AndroidManifest.xml:48:5-80
14-->src/main/AndroidManifest.xml:48:22-77
15    <uses-permission android:name="android.permission.WRITE_EXTERNAL_STORAGE" />
15-->src/main/AndroidManifest.xml:49:5-81
15-->src/main/AndroidManifest.xml:49:22-78
16    <uses-permission android:name="android.permission.READ_MEDIA_VIDEO" />
16-->src/main/AndroidManifest.xml:50:5-75
16-->src/main/AndroidManifest.xml:50:22-72
17    <uses-permission android:name="android.permission.ACCESS_NETWORK_STATE" />
17-->[:capacitor-community-admob] AndroidManifest.xml:7:5-79
17-->[:capacitor-community-admob] AndroidManifest.xml:7:22-76
18
19    <queries>
19-->[:capacitor-browser] AndroidManifest.xml:7:5-11:15
20        <intent>
20-->[:capacitor-browser] AndroidManifest.xml:8:9-10:18
21            <action android:name="android.support.customtabs.action.CustomTabsService" />
21-->[:capacitor-browser] AndroidManifest.xml:9:13-90
21-->[:capacitor-browser] AndroidManifest.xml:9:21-87
22        </intent>
23
24        <package android:name="com.facebook.katana" /> <!-- For browser content -->
24-->[com.facebook.android:facebook-common:18.1.3] AndroidManifest.xml:16:9-55
24-->[com.facebook.android:facebook-common:18.1.3] AndroidManifest.xml:16:18-52
25        <intent>
25-->[com.google.android.gms:play-services-ads-api:24.9.0] AndroidManifest.xml:38:9-44:18
26            <action android:name="android.intent.action.VIEW" />
26-->src/main/AndroidManifest.xml:24:17-69
26-->src/main/AndroidManifest.xml:24:25-66
27
28            <category android:name="android.intent.category.BROWSABLE" />
28-->src/main/AndroidManifest.xml:26:17-78
28-->src/main/AndroidManifest.xml:26:27-75
29
30            <data android:scheme="https" />
30-->src/main/AndroidManifest.xml:27:17-49
30-->src/main/AndroidManifest.xml:27:23-46
31        </intent> <!-- End of CustomTabsService -->
32        <!-- For MRAID capabilities -->
33        <intent>
33-->[com.google.android.gms:play-services-ads-api:24.9.0] AndroidManifest.xml:52:9-56:18
34            <action android:name="android.intent.action.INSERT" />
34-->[com.google.android.gms:play-services-ads-api:24.9.0] AndroidManifest.xml:53:13-67
34-->[com.google.android.gms:play-services-ads-api:24.9.0] AndroidManifest.xml:53:21-64
35
36            <data android:mimeType="vnd.android.cursor.dir/event" />
36-->src/main/AndroidManifest.xml:27:17-49
37        </intent>
38        <intent>
38-->[com.google.android.gms:play-services-ads-api:24.9.0] AndroidManifest.xml:57:9-61:18
39            <action android:name="android.intent.action.VIEW" />
39-->src/main/AndroidManifest.xml:24:17-69
39-->src/main/AndroidManifest.xml:24:25-66
40
41            <data android:scheme="sms" />
41-->src/main/AndroidManifest.xml:27:17-49
41-->src/main/AndroidManifest.xml:27:23-46
42        </intent>
43        <intent>
43-->[com.google.android.gms:play-services-ads-api:24.9.0] AndroidManifest.xml:62:9-66:18
44            <action android:name="android.intent.action.DIAL" />
44-->[com.google.android.gms:play-services-ads-api:24.9.0] AndroidManifest.xml:63:13-65
44-->[com.google.android.gms:play-services-ads-api:24.9.0] AndroidManifest.xml:63:21-62
45
46            <data android:path="tel:" />
46-->src/main/AndroidManifest.xml:27:17-49
47        </intent>
48    </queries>
49
50    <uses-permission android:name="android.permission.RECEIVE_BOOT_COMPLETED" />
50-->[:capacitor-local-notifications] AndroidManifest.xml:7:5-81
50-->[:capacitor-local-notifications] AndroidManifest.xml:7:22-78
51    <uses-permission android:name="android.permission.WAKE_LOCK" />
51-->[:capacitor-local-notifications] AndroidManifest.xml:8:5-68
51-->[:capacitor-local-notifications] AndroidManifest.xml:8:22-65
52    <uses-permission android:name="android.permission.POST_NOTIFICATIONS" />
52-->[:capacitor-local-notifications] AndroidManifest.xml:9:5-77
52-->[:capacitor-local-notifications] AndroidManifest.xml:9:22-74
53    <uses-permission android:name="android.permission.USE_CREDENTIALS" />
53-->[:capgo-capacitor-social-login] AndroidManifest.xml:8:5-74
53-->[:capgo-capacitor-social-login] AndroidManifest.xml:8:22-71
54    <uses-permission android:name="android.permission.USE_BIOMETRIC" /> <!-- suppress DeprecatedClassUsageInspection -->
54-->[androidx.biometric:biometric:1.1.0] AndroidManifest.xml:24:5-72
54-->[androidx.biometric:biometric:1.1.0] AndroidManifest.xml:24:22-69
55    <uses-permission android:name="android.permission.USE_FINGERPRINT" />
55-->[androidx.biometric:biometric:1.1.0] AndroidManifest.xml:27:5-74
55-->[androidx.biometric:biometric:1.1.0] AndroidManifest.xml:27:22-71
56    <uses-permission android:name="com.google.android.gms.permission.AD_ID" />
56-->[com.google.android.gms:play-services-ads-api:24.9.0] AndroidManifest.xml:26:5-79
56-->[com.google.android.gms:play-services-ads-api:24.9.0] AndroidManifest.xml:26:22-76
57    <uses-permission android:name="android.permission.ACCESS_ADSERVICES_AD_ID" />
57-->[com.google.android.gms:play-services-ads-api:24.9.0] AndroidManifest.xml:27:5-82
57-->[com.google.android.gms:play-services-ads-api:24.9.0] AndroidManifest.xml:27:22-79
58    <uses-permission android:name="android.permission.ACCESS_ADSERVICES_ATTRIBUTION" />
58-->[com.google.android.gms:play-services-ads-api:24.9.0] AndroidManifest.xml:28:5-88
58-->[com.google.android.gms:play-services-ads-api:24.9.0] AndroidManifest.xml:28:22-85
59    <uses-permission android:name="android.permission.ACCESS_ADSERVICES_TOPICS" />
59-->[com.google.android.gms:play-services-ads-api:24.9.0] AndroidManifest.xml:29:5-83
59-->[com.google.android.gms:play-services-ads-api:24.9.0] AndroidManifest.xml:29:22-80
60    <uses-permission android:name="android.permission.ACCESS_ADSERVICES_CUSTOM_AUDIENCE" />
60-->[com.facebook.android:facebook-core:18.1.3] AndroidManifest.xml:18:5-92
60-->[com.facebook.android:facebook-core:18.1.3] AndroidManifest.xml:18:22-89
61    <uses-permission android:name="android.permission.FOREGROUND_SERVICE" />
61-->[androidx.work:work-runtime:2.7.0] AndroidManifest.xml:28:5-77
61-->[androidx.work:work-runtime:2.7.0] AndroidManifest.xml:28:22-74
62
63    <permission
63-->[androidx.core:core:1.17.0] AndroidManifest.xml:22:5-24:47
64        android:name="io.dabada.app.DYNAMIC_RECEIVER_NOT_EXPORTED_PERMISSION"
64-->[androidx.core:core:1.17.0] AndroidManifest.xml:23:9-81
65        android:protectionLevel="signature" />
65-->[androidx.core:core:1.17.0] AndroidManifest.xml:24:9-44
66
67    <uses-permission android:name="io.dabada.app.DYNAMIC_RECEIVER_NOT_EXPORTED_PERMISSION" />
67-->[androidx.core:core:1.17.0] AndroidManifest.xml:26:5-97
67-->[androidx.core:core:1.17.0] AndroidManifest.xml:26:22-94
68    <uses-permission android:name="com.google.android.finsky.permission.BIND_GET_INSTALL_REFERRER_SERVICE" />
68-->[com.android.installreferrer:installreferrer:1.0] AndroidManifest.xml:9:5-110
68-->[com.android.installreferrer:installreferrer:1.0] AndroidManifest.xml:9:22-107
69
70    <application
70-->src/main/AndroidManifest.xml:3:5-43:19
71        android:allowBackup="true"
71-->src/main/AndroidManifest.xml:4:9-35
72        android:appComponentFactory="androidx.core.app.CoreComponentFactory"
72-->[androidx.core:core:1.17.0] AndroidManifest.xml:28:18-86
73        android:debuggable="true"
74        android:extractNativeLibs="false"
75        android:icon="@mipmap/ic_launcher"
75-->src/main/AndroidManifest.xml:5:9-43
76        android:label="@string/app_name"
76-->src/main/AndroidManifest.xml:6:9-41
77        android:roundIcon="@mipmap/ic_launcher_round"
77-->src/main/AndroidManifest.xml:7:9-54
78        android:supportsRtl="true"
78-->src/main/AndroidManifest.xml:8:9-35
79        android:theme="@style/AppTheme" >
79-->src/main/AndroidManifest.xml:9:9-40
80        <activity
80-->src/main/AndroidManifest.xml:10:9-29:20
81            android:name="io.dabada.app.MainActivity"
81-->src/main/AndroidManifest.xml:12:13-41
82            android:configChanges="orientation|keyboardHidden|keyboard|screenSize|locale|smallestScreenSize|screenLayout|uiMode|navigation|density"
82-->src/main/AndroidManifest.xml:11:13-148
83            android:exported="true"
83-->src/main/AndroidManifest.xml:16:13-36
84            android:label="@string/title_activity_main"
84-->src/main/AndroidManifest.xml:13:13-56
85            android:launchMode="singleTask"
85-->src/main/AndroidManifest.xml:15:13-44
86            android:theme="@style/AppTheme.NoActionBarLaunch" >
86-->src/main/AndroidManifest.xml:14:13-62
87            <intent-filter>
87-->src/main/AndroidManifest.xml:17:13-20:29
88                <action android:name="android.intent.action.MAIN" />
88-->src/main/AndroidManifest.xml:18:17-69
88-->src/main/AndroidManifest.xml:18:25-66
89
90                <category android:name="android.intent.category.LAUNCHER" />
90-->src/main/AndroidManifest.xml:19:17-77
90-->src/main/AndroidManifest.xml:19:27-74
91            </intent-filter>
92
93            <!-- Deep link for auth callback -->
94            <intent-filter>
94-->src/main/AndroidManifest.xml:23:13-28:29
95                <action android:name="android.intent.action.VIEW" />
95-->src/main/AndroidManifest.xml:24:17-69
95-->src/main/AndroidManifest.xml:24:25-66
96
97                <category android:name="android.intent.category.DEFAULT" />
97-->src/main/AndroidManifest.xml:25:17-76
97-->src/main/AndroidManifest.xml:25:27-73
98                <category android:name="android.intent.category.BROWSABLE" />
98-->src/main/AndroidManifest.xml:26:17-78
98-->src/main/AndroidManifest.xml:26:27-75
99
100                <data android:scheme="dabada" />
100-->src/main/AndroidManifest.xml:27:17-49
100-->src/main/AndroidManifest.xml:27:23-46
101            </intent-filter>
102        </activity>
103
104        <provider
105            android:name="androidx.core.content.FileProvider"
105-->src/main/AndroidManifest.xml:32:13-62
106            android:authorities="io.dabada.app.fileprovider"
106-->src/main/AndroidManifest.xml:33:13-64
107            android:exported="false"
107-->src/main/AndroidManifest.xml:34:13-37
108            android:grantUriPermissions="true" >
108-->src/main/AndroidManifest.xml:35:13-47
109            <meta-data
109-->src/main/AndroidManifest.xml:36:13-112
110                android:name="android.support.FILE_PROVIDER_PATHS"
110-->src/main/AndroidManifest.xml:36:24-74
111                android:resource="@xml/file_paths" />
111-->src/main/AndroidManifest.xml:36:75-109
112        </provider>
113
114        <meta-data
114-->src/main/AndroidManifest.xml:39:9-42:11
115            android:name="com.google.android.gms.ads.APPLICATION_ID"
115-->src/main/AndroidManifest.xml:40:13-69
116            android:value="ca-app-pub-2386475362105141~2530753278" />
116-->src/main/AndroidManifest.xml:41:13-67
117
118        <activity
118-->[:capacitor-browser] AndroidManifest.xml:14:9-18:75
119            android:name="com.capacitorjs.plugins.browser.BrowserControllerActivity"
119-->[:capacitor-browser] AndroidManifest.xml:15:13-85
120            android:exported="false"
120-->[:capacitor-browser] AndroidManifest.xml:16:13-37
121            android:launchMode="singleTask"
121-->[:capacitor-browser] AndroidManifest.xml:17:13-44
122            android:theme="@android:style/Theme.Translucent.NoTitleBar" />
122-->[:capacitor-browser] AndroidManifest.xml:18:13-72
123
124        <receiver android:name="com.capacitorjs.plugins.localnotifications.TimedNotificationPublisher" />
124-->[:capacitor-local-notifications] AndroidManifest.xml:12:9-106
124-->[:capacitor-local-notifications] AndroidManifest.xml:12:19-103
125        <receiver android:name="com.capacitorjs.plugins.localnotifications.NotificationDismissReceiver" />
125-->[:capacitor-local-notifications] AndroidManifest.xml:13:9-107
125-->[:capacitor-local-notifications] AndroidManifest.xml:13:19-104
126        <receiver
126-->[:capacitor-local-notifications] AndroidManifest.xml:14:9-23:20
127            android:name="com.capacitorjs.plugins.localnotifications.LocalNotificationRestoreReceiver"
127-->[:capacitor-local-notifications] AndroidManifest.xml:15:13-103
128            android:directBootAware="true"
128-->[:capacitor-local-notifications] AndroidManifest.xml:16:13-43
129            android:exported="false" >
129-->[:capacitor-local-notifications] AndroidManifest.xml:17:13-37
130            <intent-filter>
130-->[:capacitor-local-notifications] AndroidManifest.xml:18:13-22:29
131                <action android:name="android.intent.action.LOCKED_BOOT_COMPLETED" />
131-->[:capacitor-local-notifications] AndroidManifest.xml:19:17-86
131-->[:capacitor-local-notifications] AndroidManifest.xml:19:25-83
132                <action android:name="android.intent.action.BOOT_COMPLETED" />
132-->[:capacitor-local-notifications] AndroidManifest.xml:20:17-79
132-->[:capacitor-local-notifications] AndroidManifest.xml:20:25-76
133                <action android:name="android.intent.action.QUICKBOOT_POWERON" />
133-->[:capacitor-local-notifications] AndroidManifest.xml:21:17-82
133-->[:capacitor-local-notifications] AndroidManifest.xml:21:25-79
134            </intent-filter>
135        </receiver>
136
137        <activity
137-->[:capgo-capacitor-social-login] AndroidManifest.xml:18:9-21:84
138            android:name="ee.forgr.capacitor.social.login.TwitterLoginActivity"
138-->[:capgo-capacitor-social-login] AndroidManifest.xml:19:13-80
139            android:exported="false"
139-->[:capgo-capacitor-social-login] AndroidManifest.xml:20:13-37
140            android:theme="@android:style/Theme.DeviceDefault.Light.NoActionBar" />
140-->[:capgo-capacitor-social-login] AndroidManifest.xml:21:13-81
141        <activity
141-->[:capgo-capacitor-social-login] AndroidManifest.xml:22:9-25:84
142            android:name="ee.forgr.capacitor.social.login.OAuth2LoginActivity"
142-->[:capgo-capacitor-social-login] AndroidManifest.xml:23:13-79
143            android:exported="false"
143-->[:capgo-capacitor-social-login] AndroidManifest.xml:24:13-37
144            android:theme="@android:style/Theme.DeviceDefault.Light.NoActionBar" />
144-->[:capgo-capacitor-social-login] AndroidManifest.xml:25:13-81
145
146        <service
146-->[androidx.credentials:credentials-play-services-auth:1.5.0] AndroidManifest.xml:24:9-32:19
147            android:name="androidx.credentials.playservices.CredentialProviderMetadataHolder"
147-->[androidx.credentials:credentials-play-services-auth:1.5.0] AndroidManifest.xml:25:13-94
148            android:enabled="true"
148-->[androidx.credentials:credentials-play-services-auth:1.5.0] AndroidManifest.xml:26:13-35
149            android:exported="false" >
149-->[androidx.credentials:credentials-play-services-auth:1.5.0] AndroidManifest.xml:27:13-37
150            <meta-data
150-->[androidx.credentials:credentials-play-services-auth:1.5.0] AndroidManifest.xml:29:13-31:104
151                android:name="androidx.credentials.CREDENTIAL_PROVIDER_KEY"
151-->[androidx.credentials:credentials-play-services-auth:1.5.0] AndroidManifest.xml:30:17-76
152                android:value="androidx.credentials.playservices.CredentialProviderPlayServicesImpl" />
152-->[androidx.credentials:credentials-play-services-auth:1.5.0] AndroidManifest.xml:31:17-101
153        </service>
154
155        <activity
155-->[androidx.credentials:credentials-play-services-auth:1.5.0] AndroidManifest.xml:34:9-41:20
156            android:name="androidx.credentials.playservices.HiddenActivity"
156-->[androidx.credentials:credentials-play-services-auth:1.5.0] AndroidManifest.xml:35:13-76
157            android:configChanges="orientation|screenSize|screenLayout|keyboardHidden"
157-->[androidx.credentials:credentials-play-services-auth:1.5.0] AndroidManifest.xml:36:13-87
158            android:enabled="true"
158-->[androidx.credentials:credentials-play-services-auth:1.5.0] AndroidManifest.xml:37:13-35
159            android:exported="false"
159-->[androidx.credentials:credentials-play-services-auth:1.5.0] AndroidManifest.xml:38:13-37
160            android:fitsSystemWindows="true"
160-->[androidx.credentials:credentials-play-services-auth:1.5.0] AndroidManifest.xml:39:13-45
161            android:theme="@style/Theme.Hidden" >
161-->[androidx.credentials:credentials-play-services-auth:1.5.0] AndroidManifest.xml:40:13-48
162        </activity>
163        <activity
163-->[androidx.credentials:credentials-play-services-auth:1.5.0] AndroidManifest.xml:42:9-49:20
164            android:name="androidx.credentials.playservices.IdentityCredentialApiHiddenActivity"
164-->[androidx.credentials:credentials-play-services-auth:1.5.0] AndroidManifest.xml:43:13-97
165            android:configChanges="orientation|screenSize|screenLayout|keyboardHidden"
165-->[androidx.credentials:credentials-play-services-auth:1.5.0] AndroidManifest.xml:44:13-87
166            android:enabled="true"
166-->[androidx.credentials:credentials-play-services-auth:1.5.0] AndroidManifest.xml:45:13-35
167            android:exported="false"
167-->[androidx.credentials:credentials-play-services-auth:1.5.0] AndroidManifest.xml:46:13-37
168            android:fitsSystemWindows="true"
168-->[androidx.credentials:credentials-play-services-auth:1.5.0] AndroidManifest.xml:47:13-45
169            android:theme="@style/Theme.Hidden" >
169-->[androidx.credentials:credentials-play-services-auth:1.5.0] AndroidManifest.xml:48:13-48
170        </activity>
171        <activity
171-->[com.facebook.android:facebook-common:18.1.3] AndroidManifest.xml:20:9-23:66
172            android:name="com.facebook.FacebookActivity"
172-->[com.facebook.android:facebook-common:18.1.3] AndroidManifest.xml:21:13-57
173            android:configChanges="keyboard|keyboardHidden|screenLayout|screenSize|orientation"
173-->[com.facebook.android:facebook-common:18.1.3] AndroidManifest.xml:22:13-96
174            android:theme="@style/com_facebook_activity_theme" />
174-->[com.facebook.android:facebook-common:18.1.3] AndroidManifest.xml:23:13-63
175        <activity android:name="com.facebook.CustomTabMainActivity" />
175-->[com.facebook.android:facebook-common:18.1.3] AndroidManifest.xml:24:9-71
175-->[com.facebook.android:facebook-common:18.1.3] AndroidManifest.xml:24:19-68
176        <activity
176-->[com.facebook.android:facebook-common:18.1.3] AndroidManifest.xml:25:9-39:20
177            android:name="com.facebook.CustomTabActivity"
177-->[com.facebook.android:facebook-common:18.1.3] AndroidManifest.xml:26:13-58
178            android:exported="true" >
178-->[com.facebook.android:facebook-common:18.1.3] AndroidManifest.xml:27:13-36
179            <intent-filter>
179-->[com.facebook.android:facebook-common:18.1.3] AndroidManifest.xml:29:13-38:29
180                <action android:name="android.intent.action.VIEW" />
180-->src/main/AndroidManifest.xml:24:17-69
180-->src/main/AndroidManifest.xml:24:25-66
181
182                <category android:name="android.intent.category.DEFAULT" />
182-->src/main/AndroidManifest.xml:25:17-76
182-->src/main/AndroidManifest.xml:25:27-73
183                <category android:name="android.intent.category.BROWSABLE" />
183-->src/main/AndroidManifest.xml:26:17-78
183-->src/main/AndroidManifest.xml:26:27-75
184
185                <data
185-->src/main/AndroidManifest.xml:27:17-49
186                    android:host="cct.io.dabada.app"
187                    android:scheme="fbconnect" />
187-->src/main/AndroidManifest.xml:27:23-46
188            </intent-filter>
189        </activity>
190        <activity
190-->[com.google.android.gms:play-services-auth:21.4.0] AndroidManifest.xml:23:9-27:75
191            android:name="com.google.android.gms.auth.api.signin.internal.SignInHubActivity"
191-->[com.google.android.gms:play-services-auth:21.4.0] AndroidManifest.xml:24:13-93
192            android:excludeFromRecents="true"
192-->[com.google.android.gms:play-services-auth:21.4.0] AndroidManifest.xml:25:13-46
193            android:exported="false"
193-->[com.google.android.gms:play-services-auth:21.4.0] AndroidManifest.xml:26:13-37
194            android:theme="@android:style/Theme.Translucent.NoTitleBar" />
194-->[com.google.android.gms:play-services-auth:21.4.0] AndroidManifest.xml:27:13-72
195        <!--
196            Service handling Google Sign-In user revocation. For apps that do not integrate with
197            Google Sign-In, this service will never be started.
198        -->
199        <service
199-->[com.google.android.gms:play-services-auth:21.4.0] AndroidManifest.xml:33:9-37:51
200            android:name="com.google.android.gms.auth.api.signin.RevocationBoundService"
200-->[com.google.android.gms:play-services-auth:21.4.0] AndroidManifest.xml:34:13-89
201            android:exported="true"
201-->[com.google.android.gms:play-services-auth:21.4.0] AndroidManifest.xml:35:13-36
202            android:permission="com.google.android.gms.auth.api.signin.permission.REVOCATION_NOTIFICATION"
202-->[com.google.android.gms:play-services-auth:21.4.0] AndroidManifest.xml:36:13-107
203            android:visibleToInstantApps="true" /> <!-- Include the AdActivity and InAppPurchaseActivity configChanges and themes. -->
203-->[com.google.android.gms:play-services-auth:21.4.0] AndroidManifest.xml:37:13-48
204        <activity
204-->[com.google.android.gms:play-services-ads-api:24.9.0] AndroidManifest.xml:73:9-79:43
205            android:name="com.google.android.gms.ads.AdActivity"
205-->[com.google.android.gms:play-services-ads-api:24.9.0] AndroidManifest.xml:74:13-65
206            android:configChanges="keyboard|keyboardHidden|orientation|screenLayout|uiMode|screenSize|smallestScreenSize"
206-->[com.google.android.gms:play-services-ads-api:24.9.0] AndroidManifest.xml:75:13-122
207            android:enableOnBackInvokedCallback="false"
207-->[com.google.android.gms:play-services-ads-api:24.9.0] AndroidManifest.xml:76:13-56
208            android:exported="false"
208-->[com.google.android.gms:play-services-ads-api:24.9.0] AndroidManifest.xml:77:13-37
209            android:theme="@android:style/Theme.Translucent" />
209-->[com.google.android.gms:play-services-ads-api:24.9.0] AndroidManifest.xml:78:13-61
210
211        <provider
211-->[com.google.android.gms:play-services-ads-api:24.9.0] AndroidManifest.xml:81:9-86:43
212            android:name="com.google.android.gms.ads.MobileAdsInitProvider"
212-->[com.google.android.gms:play-services-ads-api:24.9.0] AndroidManifest.xml:82:13-76
213            android:authorities="io.dabada.app.mobileadsinitprovider"
213-->[com.google.android.gms:play-services-ads-api:24.9.0] AndroidManifest.xml:83:13-73
214            android:exported="false"
214-->[com.google.android.gms:play-services-ads-api:24.9.0] AndroidManifest.xml:84:13-37
215            android:initOrder="100" />
215-->[com.google.android.gms:play-services-ads-api:24.9.0] AndroidManifest.xml:85:13-36
216
217        <service
217-->[com.google.android.gms:play-services-ads-api:24.9.0] AndroidManifest.xml:88:9-92:43
218            android:name="com.google.android.gms.ads.AdService"
218-->[com.google.android.gms:play-services-ads-api:24.9.0] AndroidManifest.xml:89:13-64
219            android:enabled="true"
219-->[com.google.android.gms:play-services-ads-api:24.9.0] AndroidManifest.xml:90:13-35
220            android:exported="false" />
220-->[com.google.android.gms:play-services-ads-api:24.9.0] AndroidManifest.xml:91:13-37
221
222        <activity
222-->[com.google.android.gms:play-services-ads-api:24.9.0] AndroidManifest.xml:94:9-98:43
223            android:name="com.google.android.gms.ads.OutOfContextTestingActivity"
223-->[com.google.android.gms:play-services-ads-api:24.9.0] AndroidManifest.xml:95:13-82
224            android:configChanges="keyboard|keyboardHidden|orientation|screenLayout|uiMode|screenSize|smallestScreenSize"
224-->[com.google.android.gms:play-services-ads-api:24.9.0] AndroidManifest.xml:96:13-122
225            android:exported="false" />
225-->[com.google.android.gms:play-services-ads-api:24.9.0] AndroidManifest.xml:97:13-37
226        <activity
226-->[com.google.android.gms:play-services-ads-api:24.9.0] AndroidManifest.xml:99:9-106:43
227            android:name="com.google.android.gms.ads.NotificationHandlerActivity"
227-->[com.google.android.gms:play-services-ads-api:24.9.0] AndroidManifest.xml:100:13-82
228            android:excludeFromRecents="true"
228-->[com.google.android.gms:play-services-ads-api:24.9.0] AndroidManifest.xml:101:13-46
229            android:exported="false"
229-->[com.google.android.gms:play-services-ads-api:24.9.0] AndroidManifest.xml:102:13-37
230            android:launchMode="singleTask"
230-->[com.google.android.gms:play-services-ads-api:24.9.0] AndroidManifest.xml:103:13-44
231            android:taskAffinity=""
231-->[com.google.android.gms:play-services-ads-api:24.9.0] AndroidManifest.xml:104:13-36
232            android:theme="@android:style/Theme.Translucent.NoTitleBar" />
232-->[com.google.android.gms:play-services-ads-api:24.9.0] AndroidManifest.xml:105:13-72
233
234        <meta-data
234-->[com.google.android.gms:play-services-ads-api:24.9.0] AndroidManifest.xml:108:9-110:36
235            android:name="com.google.android.gms.ads.flag.OPTIMIZE_AD_LOADING"
235-->[com.google.android.gms:play-services-ads-api:24.9.0] AndroidManifest.xml:109:13-79
236            android:value="true" />
236-->[com.google.android.gms:play-services-ads-api:24.9.0] AndroidManifest.xml:110:13-33
237        <meta-data
237-->[com.google.android.gms:play-services-ads-api:24.9.0] AndroidManifest.xml:111:9-113:36
238            android:name="com.google.android.gms.ads.flag.OPTIMIZE_INITIALIZATION"
238-->[com.google.android.gms:play-services-ads-api:24.9.0] AndroidManifest.xml:112:13-83
239            android:value="true" />
239-->[com.google.android.gms:play-services-ads-api:24.9.0] AndroidManifest.xml:113:13-33
240
241        <activity
241-->[com.google.android.gms:play-services-base:18.5.0] AndroidManifest.xml:5:9-173
242            android:name="com.google.android.gms.common.api.GoogleApiActivity"
242-->[com.google.android.gms:play-services-base:18.5.0] AndroidManifest.xml:5:19-85
243            android:exported="false"
243-->[com.google.android.gms:play-services-base:18.5.0] AndroidManifest.xml:5:146-170
244            android:theme="@android:style/Theme.Translucent.NoTitleBar" />
244-->[com.google.android.gms:play-services-base:18.5.0] AndroidManifest.xml:5:86-145
245
246        <meta-data
246-->[com.google.android.gms:play-services-basement:18.9.0] AndroidManifest.xml:21:9-23:69
247            android:name="com.google.android.gms.version"
247-->[com.google.android.gms:play-services-basement:18.9.0] AndroidManifest.xml:22:13-58
248            android:value="@integer/google_play_services_version" />
248-->[com.google.android.gms:play-services-basement:18.9.0] AndroidManifest.xml:23:13-66
249
250        <provider
250-->[androidx.emoji2:emoji2:1.3.0] AndroidManifest.xml:24:9-32:20
251            android:name="androidx.startup.InitializationProvider"
251-->[androidx.emoji2:emoji2:1.3.0] AndroidManifest.xml:25:13-67
252            android:authorities="io.dabada.app.androidx-startup"
252-->[androidx.emoji2:emoji2:1.3.0] AndroidManifest.xml:26:13-68
253            android:exported="false" >
253-->[androidx.emoji2:emoji2:1.3.0] AndroidManifest.xml:27:13-37
254            <meta-data
254-->[androidx.emoji2:emoji2:1.3.0] AndroidManifest.xml:29:13-31:52
255                android:name="androidx.emoji2.text.EmojiCompatInitializer"
255-->[androidx.emoji2:emoji2:1.3.0] AndroidManifest.xml:30:17-75
256                android:value="androidx.startup" />
256-->[androidx.emoji2:emoji2:1.3.0] AndroidManifest.xml:31:17-49
257            <meta-data
257-->[androidx.work:work-runtime:2.7.0] AndroidManifest.xml:36:13-38:52
258                android:name="androidx.work.WorkManagerInitializer"
258-->[androidx.work:work-runtime:2.7.0] AndroidManifest.xml:37:17-68
259                android:value="androidx.startup" />
259-->[androidx.work:work-runtime:2.7.0] AndroidManifest.xml:38:17-49
260            <meta-data
260-->[androidx.lifecycle:lifecycle-process:2.6.2] AndroidManifest.xml:29:13-31:52
261                android:name="androidx.lifecycle.ProcessLifecycleInitializer"
261-->[androidx.lifecycle:lifecycle-process:2.6.2] AndroidManifest.xml:30:17-78
262                android:value="androidx.startup" />
262-->[androidx.lifecycle:lifecycle-process:2.6.2] AndroidManifest.xml:31:17-49
263            <meta-data
263-->[androidx.profileinstaller:profileinstaller:1.4.0] AndroidManifest.xml:29:13-31:52
264                android:name="androidx.profileinstaller.ProfileInstallerInitializer"
264-->[androidx.profileinstaller:profileinstaller:1.4.0] AndroidManifest.xml:30:17-85
265                android:value="androidx.startup" />
265-->[androidx.profileinstaller:profileinstaller:1.4.0] AndroidManifest.xml:31:17-49
266        </provider>
267
268        <uses-library
268-->[androidx.privacysandbox.ads:ads-adservices:1.0.0-beta05] AndroidManifest.xml:23:9-25:40
269            android:name="android.ext.adservices"
269-->[androidx.privacysandbox.ads:ads-adservices:1.0.0-beta05] AndroidManifest.xml:24:13-50
270            android:required="false" />
270-->[androidx.privacysandbox.ads:ads-adservices:1.0.0-beta05] AndroidManifest.xml:25:13-37
271
272        <receiver
272-->[com.facebook.android:facebook-core:18.1.3] AndroidManifest.xml:37:9-43:20